{"/Users/Arsham/Workspace/PersianDate/test.js":{"path":"/Users/Arsham/Workspace/PersianDate/test.js","s":{"1":1,"2":1,"3":1,"4":1,"5":1,"6":1,"7":1,"8":1,"9":1,"10":1,"11":1,"12":1,"13":1,"14":1,"15":1,"16":1,"17":1,"18":1,"19":1,"20":1,"21":1,"22":1,"23":1,"24":1,"25":1,"26":1,"27":1,"28":1,"29":1,"30":1,"31":1,"32":1,"33":1,"34":1,"35":1,"36":1,"37":1,"38":1,"39":1,"40":1,"41":1,"42":1,"43":1,"44":1,"45":1},"b":{},"f":{"1":1,"2":1,"3":1,"4":1,"5":1,"6":1,"7":1,"8":1,"9":1,"10":1,"11":1,"12":1,"13":1,"14":1,"15":1,"16":1,"17":1,"18":1,"19":1,"20":1,"21":1},"fnMap":{"1":{"name":"(anonymous_1)","line":6,"loc":{"start":{"line":6,"column":26},"end":{"line":6,"column":38}}},"2":{"name":"(anonymous_2)","line":7,"loc":{"start":{"line":7,"column":70},"end":{"line":7,"column":82}}},"3":{"name":"(anonymous_3)","line":12,"loc":{"start":{"line":12,"column":46},"end":{"line":12,"column":58}}},"4":{"name":"(anonymous_4)","line":16,"loc":{"start":{"line":16,"column":44},"end":{"line":16,"column":56}}},"5":{"name":"(anonymous_5)","line":20,"loc":{"start":{"line":20,"column":44},"end":{"line":20,"column":56}}},"6":{"name":"(anonymous_6)","line":27,"loc":{"start":{"line":27,"column":22},"end":{"line":27,"column":34}}},"7":{"name":"(anonymous_7)","line":28,"loc":{"start":{"line":28,"column":44},"end":{"line":28,"column":56}}},"8":{"name":"(anonymous_8)","line":41,"loc":{"start":{"line":41,"column":26},"end":{"line":41,"column":38}}},"9":{"name":"(anonymous_9)","line":42,"loc":{"start":{"line":42,"column":59},"end":{"line":42,"column":71}}},"10":{"name":"(anonymous_10)","line":52,"loc":{"start":{"line":52,"column":30},"end":{"line":52,"column":42}}},"11":{"name":"(anonymous_11)","line":53,"loc":{"start":{"line":53,"column":39},"end":{"line":53,"column":51}}},"12":{"name":"(anonymous_12)","line":58,"loc":{"start":{"line":58,"column":37},"end":{"line":58,"column":49}}},"13":{"name":"(anonymous_13)","line":62,"loc":{"start":{"line":62,"column":41},"end":{"line":62,"column":53}}},"14":{"name":"(anonymous_14)","line":66,"loc":{"start":{"line":66,"column":42},"end":{"line":66,"column":54}}},"15":{"name":"(anonymous_15)","line":70,"loc":{"start":{"line":70,"column":45},"end":{"line":70,"column":57}}},"16":{"name":"(anonymous_16)","line":74,"loc":{"start":{"line":74,"column":37},"end":{"line":74,"column":49}}},"17":{"name":"(anonymous_17)","line":79,"loc":{"start":{"line":79,"column":64},"end":{"line":79,"column":76}}},"18":{"name":"(anonymous_18)","line":84,"loc":{"start":{"line":84,"column":33},"end":{"line":84,"column":45}}},"19":{"name":"(anonymous_19)","line":85,"loc":{"start":{"line":85,"column":50},"end":{"line":85,"column":62}}},"20":{"name":"(anonymous_20)","line":89,"loc":{"start":{"line":89,"column":49},"end":{"line":89,"column":61}}},"21":{"name":"(anonymous_21)","line":93,"loc":{"start":{"line":93,"column":54},"end":{"line":93,"column":66}}}},"statementMap":{"1":{"start":{"line":3,"column":0},"end":{"line":3,"column":36}},"2":{"start":{"line":4,"column":0},"end":{"line":4,"column":31}},"3":{"start":{"line":6,"column":0},"end":{"line":24,"column":3}},"4":{"start":{"line":7,"column":2},"end":{"line":10,"column":5}},"5":{"start":{"line":8,"column":4},"end":{"line":8,"column":54}},"6":{"start":{"line":9,"column":4},"end":{"line":9,"column":56}},"7":{"start":{"line":12,"column":2},"end":{"line":14,"column":5}},"8":{"start":{"line":13,"column":4},"end":{"line":13,"column":51}},"9":{"start":{"line":16,"column":2},"end":{"line":18,"column":5}},"10":{"start":{"line":17,"column":4},"end":{"line":17,"column":51}},"11":{"start":{"line":20,"column":2},"end":{"line":23,"column":5}},"12":{"start":{"line":21,"column":4},"end":{"line":21,"column":58}},"13":{"start":{"line":22,"column":4},"end":{"line":22,"column":58}},"14":{"start":{"line":27,"column":0},"end":{"line":39,"column":3}},"15":{"start":{"line":28,"column":2},"end":{"line":38,"column":5}},"16":{"start":{"line":29,"column":4},"end":{"line":36,"column":6}},"17":{"start":{"line":37,"column":4},"end":{"line":37,"column":49}},"18":{"start":{"line":41,"column":0},"end":{"line":50,"column":3}},"19":{"start":{"line":42,"column":2},"end":{"line":49,"column":5}},"20":{"start":{"line":43,"column":4},"end":{"line":47,"column":6}},"21":{"start":{"line":48,"column":4},"end":{"line":48,"column":52}},"22":{"start":{"line":52,"column":0},"end":{"line":82,"column":3}},"23":{"start":{"line":53,"column":2},"end":{"line":56,"column":5}},"24":{"start":{"line":54,"column":4},"end":{"line":54,"column":49}},"25":{"start":{"line":55,"column":4},"end":{"line":55,"column":51}},"26":{"start":{"line":58,"column":2},"end":{"line":60,"column":5}},"27":{"start":{"line":59,"column":4},"end":{"line":59,"column":52}},"28":{"start":{"line":62,"column":2},"end":{"line":64,"column":5}},"29":{"start":{"line":63,"column":4},"end":{"line":63,"column":48}},"30":{"start":{"line":66,"column":2},"end":{"line":68,"column":5}},"31":{"start":{"line":67,"column":4},"end":{"line":67,"column":56}},"32":{"start":{"line":70,"column":2},"end":{"line":72,"column":5}},"33":{"start":{"line":71,"column":4},"end":{"line":71,"column":54}},"34":{"start":{"line":74,"column":2},"end":{"line":77,"column":5}},"35":{"start":{"line":75,"column":4},"end":{"line":75,"column":53}},"36":{"start":{"line":76,"column":4},"end":{"line":76,"column":50}},"37":{"start":{"line":79,"column":2},"end":{"line":81,"column":5}},"38":{"start":{"line":80,"column":4},"end":{"line":80,"column":52}},"39":{"start":{"line":84,"column":0},"end":{"line":96,"column":3}},"40":{"start":{"line":85,"column":2},"end":{"line":87,"column":5}},"41":{"start":{"line":86,"column":4},"end":{"line":86,"column":54}},"42":{"start":{"line":89,"column":2},"end":{"line":91,"column":5}},"43":{"start":{"line":90,"column":4},"end":{"line":90,"column":52}},"44":{"start":{"line":93,"column":2},"end":{"line":95,"column":5}},"45":{"start":{"line":94,"column":4},"end":{"line":94,"column":54}}},"branchMap":{}},"/Users/Arsham/Workspace/PersianDate/index.js":{"path":"/Users/Arsham/Workspace/PersianDate/index.js","s":{"1":1,"2":15,"3":1,"4":14,"5":1,"6":13,"7":13,"8":13,"9":13,"10":26,"11":1,"12":2,"13":2,"14":7,"15":9,"16":1,"17":1,"18":1,"19":1,"20":18,"21":12,"22":1,"23":3,"24":1,"25":2,"26":2,"27":2,"28":2,"29":2},"b":{"1":[1,14],"2":[15,14],"3":[1,13],"4":[18,16],"5":[12,11,8,5],"6":[1,2],"7":[2,1,1]},"f":{"1":15,"2":26,"3":2,"4":7,"5":9,"6":1,"7":12,"8":18,"9":3},"fnMap":{"1":{"name":"(anonymous_1)","line":1,"loc":{"start":{"line":1,"column":17},"end":{"line":1,"column":33}}},"2":{"name":"(anonymous_2)","line":11,"loc":{"start":{"line":11,"column":24},"end":{"line":11,"column":40}}},"3":{"name":"(anonymous_3)","line":14,"loc":{"start":{"line":14,"column":16},"end":{"line":14,"column":29}}},"4":{"name":"(anonymous_4)","line":16,"loc":{"start":{"line":16,"column":34},"end":{"line":16,"column":60}}},"5":{"name":"(anonymous_5)","line":17,"loc":{"start":{"line":17,"column":36},"end":{"line":17,"column":63}}},"6":{"name":"(anonymous_6)","line":23,"loc":{"start":{"line":23,"column":18},"end":{"line":23,"column":33}}},"7":{"name":"(anonymous_7)","line":27,"loc":{"start":{"line":27,"column":19},"end":{"line":27,"column":37}}},"8":{"name":"isPositiveIntegerGte1","line":28,"loc":{"start":{"line":28,"column":2},"end":{"line":28,"column":40}}},"9":{"name":"(anonymous_9)","line":38,"loc":{"start":{"line":38,"column":22},"end":{"line":38,"column":40}}}},"statementMap":{"1":{"start":{"line":1,"column":0},"end":{"line":12,"column":2}},"2":{"start":{"line":2,"column":2},"end":{"line":4,"column":3}},"3":{"start":{"line":3,"column":4},"end":{"line":3,"column":59}},"4":{"start":{"line":5,"column":2},"end":{"line":7,"column":3}},"5":{"start":{"line":6,"column":4},"end":{"line":6,"column":46}},"6":{"start":{"line":8,"column":2},"end":{"line":8,"column":34}},"7":{"start":{"line":9,"column":2},"end":{"line":9,"column":20}},"8":{"start":{"line":10,"column":2},"end":{"line":10,"column":24}},"9":{"start":{"line":11,"column":2},"end":{"line":11,"column":58}},"10":{"start":{"line":11,"column":41},"end":{"line":11,"column":54}},"11":{"start":{"line":14,"column":0},"end":{"line":21,"column":2}},"12":{"start":{"line":15,"column":2},"end":{"line":15,"column":28}},"13":{"start":{"line":16,"column":2},"end":{"line":20,"column":9}},"14":{"start":{"line":17,"column":4},"end":{"line":19,"column":16}},"15":{"start":{"line":18,"column":6},"end":{"line":18,"column":61}},"16":{"start":{"line":23,"column":0},"end":{"line":25,"column":2}},"17":{"start":{"line":24,"column":2},"end":{"line":24,"column":54}},"18":{"start":{"line":27,"column":0},"end":{"line":36,"column":2}},"19":{"start":{"line":28,"column":2},"end":{"line":30,"column":3}},"20":{"start":{"line":29,"column":4},"end":{"line":29,"column":65}},"21":{"start":{"line":32,"column":2},"end":{"line":35,"column":82}},"22":{"start":{"line":38,"column":0},"end":{"line":47,"column":2}},"23":{"start":{"line":39,"column":2},"end":{"line":41,"column":3}},"24":{"start":{"line":40,"column":4},"end":{"line":40,"column":59}},"25":{"start":{"line":42,"column":2},"end":{"line":42,"column":40}},"26":{"start":{"line":43,"column":2},"end":{"line":43,"column":20}},"27":{"start":{"line":44,"column":2},"end":{"line":44,"column":20}},"28":{"start":{"line":45,"column":2},"end":{"line":45,"column":20}},"29":{"start":{"line":46,"column":2},"end":{"line":46,"column":63}}},"branchMap":{"1":{"line":2,"type":"if","locations":[{"start":{"line":2,"column":2},"end":{"line":2,"column":2}},{"start":{"line":2,"column":2},"end":{"line":2,"column":2}}]},"2":{"line":2,"type":"binary-expr","locations":[{"start":{"line":2,"column":6},"end":{"line":2,"column":11}},{"start":{"line":2,"column":15},"end":{"line":2,"column":20}}]},"3":{"line":5,"type":"if","locations":[{"start":{"line":5,"column":2},"end":{"line":5,"column":2}},{"start":{"line":5,"column":2},"end":{"line":5,"column":2}}]},"4":{"line":29,"type":"binary-expr","locations":[{"start":{"line":29,"column":12},"end":{"line":29,"column":49}},{"start":{"line":29,"column":54},"end":{"line":29,"column":64}}]},"5":{"line":32,"type":"binary-expr","locations":[{"start":{"line":32,"column":9},"end":{"line":32,"column":30}},{"start":{"line":33,"column":7},"end":{"line":33,"column":26}},{"start":{"line":34,"column":7},"end":{"line":34,"column":42}},{"start":{"line":35,"column":7},"end":{"line":35,"column":81}}]},"6":{"line":39,"type":"if","locations":[{"start":{"line":39,"column":2},"end":{"line":39,"column":2}},{"start":{"line":39,"column":2},"end":{"line":39,"column":2}}]},"7":{"line":46,"type":"binary-expr","locations":[{"start":{"line":46,"column":9},"end":{"line":46,"column":24}},{"start":{"line":46,"column":28},"end":{"line":46,"column":43}},{"start":{"line":46,"column":47},"end":{"line":46,"column":62}}]}}}}