TN:
SF:/Users/Arsham/Workspace/PersianDate/test.js
FN:6,(anonymous_1)
FN:7,(anonymous_2)
FN:12,(anonymous_3)
FN:16,(anonymous_4)
FN:20,(anonymous_5)
FN:27,(anonymous_6)
FN:28,(anonymous_7)
FN:41,(anonymous_8)
FN:42,(anonymous_9)
FN:52,(anonymous_10)
FN:53,(anonymous_11)
FN:58,(anonymous_12)
FN:62,(anonymous_13)
FN:66,(anonymous_14)
FN:70,(anonymous_15)
FN:74,(anonymous_16)
FN:79,(anonymous_17)
FN:84,(anonymous_18)
FN:85,(anonymous_19)
FN:89,(anonymous_20)
FN:93,(anonymous_21)
FNF:21
FNH:21
FNDA:1,(anonymous_1)
FNDA:1,(anonymous_2)
FNDA:1,(anonymous_3)
FNDA:1,(anonymous_4)
FNDA:1,(anonymous_5)
FNDA:1,(anonymous_6)
FNDA:1,(anonymous_7)
FNDA:1,(anonymous_8)
FNDA:1,(anonymous_9)
FNDA:1,(anonymous_10)
FNDA:1,(anonymous_11)
FNDA:1,(anonymous_12)
FNDA:1,(anonymous_13)
FNDA:1,(anonymous_14)
FNDA:1,(anonymous_15)
FNDA:1,(anonymous_16)
FNDA:1,(anonymous_17)
FNDA:1,(anonymous_18)
FNDA:1,(anonymous_19)
FNDA:1,(anonymous_20)
FNDA:1,(anonymous_21)
DA:3,1
DA:4,1
DA:6,1
DA:7,1
DA:8,1
DA:9,1
DA:12,1
DA:13,1
DA:16,1
DA:17,1
DA:20,1
DA:21,1
DA:22,1
DA:27,1
DA:28,1
DA:29,1
DA:37,1
DA:41,1
DA:42,1
DA:43,1
DA:48,1
DA:52,1
DA:53,1
DA:54,1
DA:55,1
DA:58,1
DA:59,1
DA:62,1
DA:63,1
DA:66,1
DA:67,1
DA:70,1
DA:71,1
DA:74,1
DA:75,1
DA:76,1
DA:79,1
DA:80,1
DA:84,1
DA:85,1
DA:86,1
DA:89,1
DA:90,1
DA:93,1
DA:94,1
LF:45
LH:45
BRF:0
BRH:0
end_of_record
TN:
SF:/Users/Arsham/Workspace/PersianDate/index.js
FN:1,(anonymous_1)
FN:11,(anonymous_2)
FN:14,(anonymous_3)
FN:16,(anonymous_4)
FN:17,(anonymous_5)
FN:23,(anonymous_6)
FN:27,(anonymous_7)
FN:28,isPositiveIntegerGte1
FN:38,(anonymous_9)
FNF:9
FNH:9
FNDA:15,(anonymous_1)
FNDA:26,(anonymous_2)
FNDA:2,(anonymous_3)
FNDA:7,(anonymous_4)
FNDA:9,(anonymous_5)
FNDA:1,(anonymous_6)
FNDA:12,(anonymous_7)
FNDA:18,isPositiveIntegerGte1
FNDA:3,(anonymous_9)
DA:1,1
DA:2,15
DA:3,1
DA:5,14
DA:6,1
DA:8,13
DA:9,13
DA:10,13
DA:11,26
DA:14,1
DA:15,2
DA:16,2
DA:17,7
DA:18,9
DA:23,1
DA:24,1
DA:27,1
DA:28,1
DA:29,18
DA:32,12
DA:38,1
DA:39,3
DA:40,1
DA:42,2
DA:43,2
DA:44,2
DA:45,2
DA:46,2
LF:28
LH:28
BRDA:2,1,0,1
BRDA:2,1,1,14
BRDA:2,2,0,15
BRDA:2,2,1,14
BRDA:5,3,0,1
BRDA:5,3,1,13
BRDA:29,4,0,18
BRDA:29,4,1,16
BRDA:32,5,0,12
BRDA:32,5,1,11
BRDA:32,5,2,8
BRDA:32,5,3,5
BRDA:39,6,0,1
BRDA:39,6,1,2
BRDA:46,7,0,2
BRDA:46,7,1,1
BRDA:46,7,2,1
BRF:17
BRH:17
end_of_record
